Creating Application...
Loading...
Initializing PluginManager...
Trying PlugIn: C:\PROGRA~1\MILKSH~1.10\ms3DSExporter.dll
Loading PlugIn: C:\PROGRA~1\MILKSH~1.10\ms3DSExporter.dll
Trying PlugIn: C:\PROGRA~1\MILKSH~1.10\ms3DSImporter.dll
Loading PlugIn: C:\PROGRA~1\MILKSH~1.10\ms3DSImporter.dll
Trying PlugIn: C:\PROGRA~1\MILKSH~1.10\ms3dtExporter.dll
Loading PlugIn: C:\PROGRA~1\MILKSH~1.10\ms3dtExporter.dll
Trying PlugIn: C:\PROGRA~1\MILKSH~1.10\msABCExporter.dll
Loading PlugIn: C:\PROGRA~1\MILKSH~1.10\msABCExporter.dll
Trying PlugIn: C:\PROGRA~1\MILKSH~1.10\msABCImporter.dll
Loading PlugIn: C:\PROGRA~1\MILKSH~1.10\msABCImporter.dll
Trying PlugIn: C:\PROGRA~1\MILKSH~1.10\msASCIIExporter.dll
Loading PlugIn: C:\PROGRA~1\MILKSH~1.10\msASCIIExporter.dll
Trying PlugIn: C:\PROGRA~1\MILKSH~1.10\msASCIIImporter.dll
Loading PlugIn: C:\PROGRA~1\MILKSH~1.10\msASCIIImporter.dll
Trying PlugIn: C:\PROGRA~1\MILKSH~1.10\msCPP.dll
Trying PlugIn: C:\PROGRA~1\MILKSH~1.10\msD3DExporter.dll
Loading PlugIn: C:\PROGRA~1\MILKSH~1.10\msD3DExporter.dll
Trying PlugIn: C:\PROGRA~1\MILKSH~1.10\msLUVImporter.dll
Loading PlugIn: C:\PROGRA~1\MILKSH~1.10\msLUVImporter.dll
Trying PlugIn: C:\PROGRA~1\MILKSH~1.10\msMDCImporter.dll
Loading PlugIn: C:\PROGRA~1\MILKSH~1.10\msMDCImporter.dll
Trying PlugIn: C:\PROGRA~1\MILKSH~1.10\msMDCImporter2.dll
Loading PlugIn: C:\PROGRA~1\MILKSH~1.10\msMDCImporter2.dll
Trying PlugIn: C:\PROGRA~1\MILKSH~1.10\msMDXImporter.dll
Loading PlugIn: C:\PROGRA~1\MILKSH~1.10\msMDXImporter.dll
Trying PlugIn: C:\PROGRA~1\MILKSH~1.10\msModelLib.dll
Trying PlugIn: C:\PROGRA~1\MILKSH~1.10\msNebulaExporter.dll
Loading PlugIn: C:\PROGRA~1\MILKSH~1.10\msNebulaExporter.dll
Trying PlugIn: C:\PROGRA~1\MILKSH~1.10\msNODExporter.dll
Loading PlugIn: C:\PROGRA~1\MILKSH~1.10\msNODExporter.dll
Trying PlugIn: C:\PROGRA~1\MILKSH~1.10\msNODImporter.dll
Loading PlugIn: C:\PROGRA~1\MILKSH~1.10\msNODImporter.dll
Trying PlugIn: C:\PROGRA~1\MILKSH~1.10\msOperationMirrorAll.dll
Loading PlugIn: C:\PROGRA~1\MILKSH~1.10\msOperationMirrorAll.dll
Trying PlugIn: C:\PROGRA~1\MILKSH~1.10\msOperationSmoothEdge.dll
Loading PlugIn: C:\PROGRA~1\MILKSH~1.10\msOperationSmoothEdge.dll
Trying PlugIn: C:\PROGRA~1\MILKSH~1.10\msOrbiterMesh.dll
Loading PlugIn: C:\PROGRA~1\MILKSH~1.10\msOrbiterMesh.dll
Trying PlugIn: C:\PROGRA~1\MILKSH~1.10\msProgressiveMesh.dll
Loading PlugIn: C:\PROGRA~1\MILKSH~1.10\msProgressiveMesh.dll
Trying PlugIn: C:\PROGRA~1\MILKSH~1.10\msPSKExporter.dll
Loading PlugIn: C:\PROGRA~1\MILKSH~1.10\msPSKExporter.dll
Trying PlugIn: C:\PROGRA~1\MILKSH~1.10\msPSKImporter.dll
Loading PlugIn: C:\PROGRA~1\MILKSH~1.10\msPSKImporter.dll
Trying PlugIn: C:\PROGRA~1\MILKSH~1.10\msQOBImporter.dll
Loading PlugIn: C:\PROGRA~1\MILKSH~1.10\msQOBImporter.dll
Trying PlugIn: C:\PROGRA~1\MILKSH~1.10\msRawExporter.dll
Loading PlugIn: C:\PROGRA~1\MILKSH~1.10\msRawExporter.dll
Trying PlugIn: C:\PROGRA~1\MILKSH~1.10\msRawImporter.dll
Loading PlugIn: C:\PROGRA~1\MILKSH~1.10\msRawImporter.dll
Trying PlugIn: C:\PROGRA~1\MILKSH~1.10\msRIBExporter.dll
Loading PlugIn: C:\PROGRA~1\MILKSH~1.10\msRIBExporter.dll
Trying PlugIn: C:\PROGRA~1\MILKSH~1.10\msScaleAnim.dll
Loading PlugIn: C:\PROGRA~1\MILKSH~1.10\msScaleAnim.dll
Trying PlugIn: C:\PROGRA~1\MILKSH~1.10\msTMDImporter.dll
Loading PlugIn: C:\PROGRA~1\MILKSH~1.10\msTMDImporter.dll
Trying PlugIn: C:\PROGRA~1\MILKSH~1.10\msToolFatBoy.dll
Loading PlugIn: C:\PROGRA~1\MILKSH~1.10\msToolFatBoy.dll
Trying PlugIn: C:\PROGRA~1\MILKSH~1.10\msToolReverseAnimation.dll
Loading PlugIn: C:\PROGRA~1\MILKSH~1.10\msToolReverseAnimation.dll
Trying PlugIn: C:\PROGRA~1\MILKSH~1.10\msToolScaleAll.dll
Loading PlugIn: C:\PROGRA~1\MILKSH~1.10\msToolScaleAll.dll
Trying PlugIn: C:\PROGRA~1\MILKSH~1.10\MSVCP60.dll
Trying PlugIn: C:\PROGRA~1\MILKSH~1.10\msVRML97Exporter.dll
Loading PlugIn: C:\PROGRA~1\MILKSH~1.10\msVRML97Exporter.dll
Trying PlugIn: C:\PROGRA~1\MILKSH~1.10\msXExporter.dll
Loading PlugIn: C:\PROGRA~1\MILKSH~1.10\msXExporter.dll
Trying PlugIn: C:\PROGRA~1\MILKSH~1.10\msXSIImporter.dll
Loading PlugIn: C:\PROGRA~1\MILKSH~1.10\msXSIImporter.dll
Trying PlugIn: C:\PROGRA~1\MILKSH~1.10\msZy3DOExporter.dll
Loading PlugIn: C:\PROGRA~1\MILKSH~1.10\msZy3DOExporter.dll
Creating menubar...
Creating message window...
Creating ViewportManager...
mxGlWindow, GetDC
mxGlWindow, ChoosePixelFormat
mxGlWindow, SetPixelFormat
mxGlWindow, GetPixelFormat
mxGlWindow, DescribePixelFormat
PixelFormat: 6

PixelFormat = 6
 nSize = 40
 nVersion = 1
 dwFlags = 
PFD_DRAW_TO_WINDOW|
PFD_SUPPORT_OPENGL|
PFD_DOUBLEBUFFER|
PFD_SWAP_EXCHANGE|
 iPixelType = 
PFD_TYPE_RGBA
*cColorBits = 32
 cRedBits = 8
 cRedShift = 16
 cGreenBits = 8
 cGreenShift = 8
 cBlueBits = 8
 cBlueShift = 0
 cAlphaBits = 0
 cAlphaShift = 0
 cAccumBits = 64
 cAccumRedBits = 16
 cAccumGreenBits = 16
 cAccumBlueBits = 16
 cAccumAlphaBits = 16
*cDepthBits = 24
*cStencilBits = 0
 cAuxBuffers = 0
 iLayerType = 0
 bReserved = 0
 dwLayerMask = 0
 dwVisibleMask = 0
 dwDamageMask = 0


mxGlWindow, wglCreateContext
mxGlWindow, wglMakeCurrent
mxGlWindow, GetDC
mxGlWindow, ChoosePixelFormat
mxGlWindow, SetPixelFormat
mxGlWindow, GetPixelFormat
mxGlWindow, DescribePixelFormat
PixelFormat: 6

PixelFormat = 6
 nSize = 40
 nVersion = 1
 dwFlags = 
PFD_DRAW_TO_WINDOW|
PFD_SUPPORT_OPENGL|
PFD_DOUBLEBUFFER|
PFD_SWAP_EXCHANGE|
 iPixelType = 
PFD_TYPE_RGBA
*cColorBits = 32
 cRedBits = 8
 cRedShift = 16
 cGreenBits = 8
 cGreenShift = 8
 cBlueBits = 8
 cBlueShift = 0
 cAlphaBits = 0
 cAlphaShift = 0
 cAccumBits = 64
 cAccumRedBits = 16
 cAccumGreenBits = 16
 cAccumBlueBits = 16
 cAccumAlphaBits = 16
*cDepthBits = 24
*cStencilBits = 0
 cAuxBuffers = 0
 iLayerType = 0
 bReserved = 0
 dwLayerMask = 0
 dwVisibleMask = 0
 dwDamageMask = 0


mxGlWindow, wglCreateContext
mxGlWindow, wglMakeCurrent
mxGlWindow, GetDC
mxGlWindow, ChoosePixelFormat
mxGlWindow, SetPixelFormat
mxGlWindow, GetPixelFormat
mxGlWindow, DescribePixelFormat
PixelFormat: 6

PixelFormat = 6
 nSize = 40
 nVersion = 1
 dwFlags = 
PFD_DRAW_TO_WINDOW|
PFD_SUPPORT_OPENGL|
PFD_DOUBLEBUFFER|
PFD_SWAP_EXCHANGE|
 iPixelType = 
PFD_TYPE_RGBA
*cColorBits = 32
 cRedBits = 8
 cRedShift = 16
 cGreenBits = 8
 cGreenShift = 8
 cBlueBits = 8
 cBlueShift = 0
 cAlphaBits = 0
 cAlphaShift = 0
 cAccumBits = 64
 cAccumRedBits = 16
 cAccumGreenBits = 16
 cAccumBlueBits = 16
 cAccumAlphaBits = 16
*cDepthBits = 24
*cStencilBits = 0
 cAuxBuffers = 0
 iLayerType = 0
 bReserved = 0
 dwLayerMask = 0
 dwVisibleMask = 0
 dwDamageMask = 0


mxGlWindow, wglCreateContext
mxGlWindow, wglMakeCurrent
mxGlWindow, GetDC
mxGlWindow, ChoosePixelFormat
mxGlWindow, SetPixelFormat
mxGlWindow, GetPixelFormat
mxGlWindow, DescribePixelFormat
PixelFormat: 6

PixelFormat = 6
 nSize = 40
 nVersion = 1
 dwFlags = 
PFD_DRAW_TO_WINDOW|
PFD_SUPPORT_OPENGL|
PFD_DOUBLEBUFFER|
PFD_SWAP_EXCHANGE|
 iPixelType = 
PFD_TYPE_RGBA
*cColorBits = 32
 cRedBits = 8
 cRedShift = 16
 cGreenBits = 8
 cGreenShift = 8
 cBlueBits = 8
 cBlueShift = 0
 cAlphaBits = 0
 cAlphaShift = 0
 cAccumBits = 64
 cAccumRedBits = 16
 cAccumGreenBits = 16
 cAccumBlueBits = 16
 cAccumAlphaBits = 16
*cDepthBits = 24
*cStencilBits = 0
 cAuxBuffers = 0
 iLayerType = 0
 bReserved = 0
 dwLayerMask = 0
 dwVisibleMask = 0
 dwDamageMask = 0


mxGlWindow, wglCreateContext
mxGlWindow, wglMakeCurrent
Creating ControlPanel...
Creating Material Preview...
mxGlWindow, GetDC
mxGlWindow, ChoosePixelFormat
mxGlWindow, SetPixelFormat
mxGlWindow, GetPixelFormat
mxGlWindow, DescribePixelFormat
PixelFormat: 6

PixelFormat = 6
 nSize = 40
 nVersion = 1
 dwFlags = 
PFD_DRAW_TO_WINDOW|
PFD_SUPPORT_OPENGL|
PFD_DOUBLEBUFFER|
PFD_SWAP_EXCHANGE|
 iPixelType = 
PFD_TYPE_RGBA
*cColorBits = 32
 cRedBits = 8
 cRedShift = 16
 cGreenBits = 8
 cGreenShift = 8
 cBlueBits = 8
 cBlueShift = 0
 cAlphaBits = 0
 cAlphaShift = 0
 cAccumBits = 64
 cAccumRedBits = 16
 cAccumGreenBits = 16
 cAccumBlueBits = 16
 cAccumAlphaBits = 16
*cDepthBits = 24
*cStencilBits = 0
 cAuxBuffers = 0
 iLayerType = 0
 bReserved = 0
 dwLayerMask = 0
 dwVisibleMask = 0
 dwDamageMask = 0


mxGlWindow, wglCreateContext
mxGlWindow, wglMakeCurrent
Creating StatusBar...
Creating TexCoordEditor...
mxGlWindow, GetDC
mxGlWindow, ChoosePixelFormat
mxGlWindow, SetPixelFormat
mxGlWindow, GetPixelFormat
mxGlWindow, DescribePixelFormat
PixelFormat: 6

PixelFormat = 6
 nSize = 40
 nVersion = 1
 dwFlags = 
PFD_DRAW_TO_WINDOW|
PFD_SUPPORT_OPENGL|
PFD_DOUBLEBUFFER|
PFD_SWAP_EXCHANGE|
 iPixelType = 
PFD_TYPE_RGBA
*cColorBits = 32
 cRedBits = 8
 cRedShift = 16
 cGreenBits = 8
 cGreenShift = 8
 cBlueBits = 8
 cBlueShift = 0
 cAlphaBits = 0
 cAlphaShift = 0
 cAccumBits = 64
 cAccumRedBits = 16
 cAccumGreenBits = 16
 cAccumBlueBits = 16
 cAccumAlphaBits = 16
*cDepthBits = 24
*cStencilBits = 0
 cAuxBuffers = 0
 iLayerType = 0
 bReserved = 0
 dwLayerMask = 0
 dwVisibleMask = 0
 dwDamageMask = 0


mxGlWindow, wglCreateContext
mxGlWindow, wglMakeCurrent
Creating KeyFramer...
Creating Preferences...
Initializing keyframer...
Downloading background textures...

glGetStrings:
GeForce2 MX/AGP/3DNOW!
NVIDIA Corporation
1.3.0
GL_ARB_imaging GL_ARB_multitexture GL_ARB_texture_compression GL_ARB_texture_cube_map GL_ARB_texture_env_add GL_ARB_texture_env_combine GL_ARB_texture_env_dot3 GL_ARB_transpose_matrix GL_S3_s3tc GL_EXT_abgr GL_EXT_bgra GL_EXT_blend_color GL_EXT_blend_minmax GL_EXT_blend_subtract GL_EXT_clip_volume_hint GL_EXT_compiled_vertex_array GL_EXT_draw_range_elements GL_EXT_fog_coord GL_EXT_packed_pixels GL_EXT_paletted_texture GL_EXT_point_parameters GL_EXT_rescale_normal GL_EXT_secondary_color GL_EXT_separate_specular_color GL_EXT_shared_texture_palette GL_EXT_stencil_wrap GL_EXT_texture_compression_s3tc GL_EXT_texture_edge_clamp GL_EXT_texture_env_add GL_EXT_texture_env_combine GL_EXT_texture_env_dot3 GL_EXT_texture_cube_map GL_EXT_texture_filter_anisotropic GL_EXT_texture_lod GL_EXT_texture_lod_bias GL_EXT_texture_object GL_EXT_vertex_array GL_EXT_vertex_weighting GL_IBM_texture_mirrored_repeat GL_KTX_buffer_region GL_NV_blend_square GL_NV_evaluators GL_NV_fence GL_NV_fog_distance GL_NV_light_max_exponent GL_NV_packed_depth_stencil GL_NV_register_combiners GL_NV_texgen_emboss GL_NV_texgen_reflection GL_NV_texture_env_combine4 GL_NV_texture_rectangle GL_NV_vertex_array_range GL_NV_vertex_array_range2 GL_NV_vertex_program GL_SGIS_generate_mipmap GL_SGIS_multitexture GL_SGIS_texture_lod GL_WIN_swap_hint WGL_EXT_swap_control 
Settings window placement...
Running application...
Undo: Create Box
Undo: Select
Undo: Snap To Grid
Undo: Select
Undo: Select
Undo: Select
Undo: Select
Undo: Select
Undo: Move
Undo: Snap To Grid
Undo: Move
Undo: Select
Undo: Move
Undo: Snap To Grid
Undo: Move
Undo: Move
Undo: Select
Undo: Move
Undo: Move
Undo: Snap To Grid
Undo: Move
Undo: Select
Undo: Move
Undo: Move
Undo: Move
Undo: Snap To Grid
Undo: Select
Undo: Move
Undo: Snap To Grid
Undo: Move
Undo: Move
Undo: Move
Undo: Snap To Grid
Undo: Select
Undo: Select
Undo: Scale
Undo: Scale
Undo: Move
Undo: Move
Undo: Move
Undo: Move
Undo: Move
Undo: Move
Undo: Move
Undo: Rename Group
Undo: Select
Undo: Hide Selection
Undo: Unhide All
Undo: Select
Undo: Hide Selection
Undo: Select
Undo: Select
Undo: Select
Undo: Select
Undo: Select
Undo: Select
Undo: Select
Undo: Select
Undo: Select
Undo: Select
Undo: Unhide All
Undo: Select
Undo: Select
Undo: Select
Undo: Select
Undo: Select
Undo: Select
Undo: Select
Undo: Select
Undo: Select
Undo: Select
Undo: Select
Undo: Select
Undo: Select
Undo: Select
Undo: Select
Undo: Select
Undo: Select
Undo: Select
Undo: Select
Undo: Select
Undo: Select
Undo: Select
Undo: Select
Undo: Select
Undo: Select
Undo: Select
Undo: Select
Undo: Select
Undo: Select
Undo: Select
Undo: Select
Undo: Select
Undo: Move
Undo: Select
Undo: Hide Selection
Undo: Select
Undo: Select
Undo: Select
Undo: Select
Undo: Select
Undo: Create Vertex
Undo: Snap To Grid
Create Face: vertex 8 selected (1. vertex in face)

Create Face: no vertex selected, aborted!

Create Face: no vertex selected, aborted!

Create Face: vertex 8 selected (1. vertex in face)

Create Face: no vertex selected, aborted!

Undo: Unhide All
Create Face: vertex 8 selected (1. vertex in face)

Create Face: vertex 4 selected (2. vertex in face)

Create Face: vertex 6 selected (3. vertex in face)

Undo: Create Face
Create Face: vertex 8 selected (1. vertex in face)

Create Face: vertex 6 selected (2. vertex in face)

Create Face: vertex 0 selected (3. vertex in face)

Undo: Create Face
Undo: Unhide All
Undo: Create Vertex
Undo: Snap To Grid
Undo: Move
Undo: Snap To Grid
Undo: Move
Undo: Move
Undo: Move
Undo: Select
Undo: Hide Selection
Create Face: vertex 8 selected (1. vertex in face)

Create Face: vertex 4 selected (2. vertex in face)

Create Face: vertex 6 selected (3. vertex in face)

Undo: Create Face
Create Face: vertex 8 selected (1. vertex in face)

Create Face: vertex 6 selected (2. vertex in face)

Create Face: vertex 0 selected (3. vertex in face)

Undo: Create Face
Create Face: vertex 0 selected (1. vertex in face)

Create Face: vertex 2 selected (2. vertex in face)

Create Face: vertex 8 selected (3. vertex in face)

Undo: Create Face
Create Face: vertex 2 selected (1. vertex in face)

Create Face: vertex 4 selected (2. vertex in face)

Create Face: vertex 8 selected (3. vertex in face)

Undo: Create Face
Undo: Select
Undo: Face To Front
Undo: Select
Undo: Select
Undo: Select
Undo: Select
Undo: Select
Undo: Select
Undo: Select
Undo: Select
Undo: Delete Selection
Undo: Create Vertex
Undo: Create Vertex
Undo: Select
Undo: Move
Undo: Select
Undo: Select
Undo: Select
Undo: Select
Undo: Move
Undo: Select
Undo: Select
Undo: Select
Undo: Select
Undo: Select
Undo: Select
Undo: Select
Undo: Delete Selection
Undo: Create Vertex
Undo: Create Vertex
Undo: Create Vertex
Undo: Select
Undo: Select
Undo: Move
Undo: Flatten
Undo: Flatten
Undo: Flatten
Undo: Move
Undo: Move
Create Face: vertex 8 selected (1. vertex in face)

Create Face: vertex 6 selected (2. vertex in face)

Create Face: vertex 0 selected (3. vertex in face)

Undo: Create Face
Create Face: vertex 2 selected (1. vertex in face)

Create Face: vertex 4 selected (2. vertex in face)

Create Face: vertex 9 selected (3. vertex in face)

Undo: Create Face
Create Face: vertex 0 selected (1. vertex in face)

Create Face: vertex 2 selected (2. vertex in face)

Create Face: vertex 8 selected (3. vertex in face)

Undo: Create Face
Create Face: vertex 8 selected (1. vertex in face)

Create Face: no vertex selected, aborted!

Create Face: vertex 9 selected (1. vertex in face)

Create Face: vertex 8 selected (2. vertex in face)

Create Face: vertex 2 selected (3. vertex in face)

Undo: Create Face
Create Face: vertex 9 selected (1. vertex in face)

Create Face: vertex 4 selected (2. vertex in face)

Create Face: vertex 8 selected (3. vertex in face)

Undo: Create Face
Create Face: vertex 8 selected (1. vertex in face)

Create Face: vertex 4 selected (2. vertex in face)

Create Face: vertex 6 selected (3. vertex in face)

Undo: Create Face
Undo: Select
Undo: Select
Undo: Face To Front
Undo: Subdivide Selection
Undo: Select
Undo: Select
Undo: Regroup Selected Faces
Undo: Rename Group
Undo: Delete Selection
Undo: Delete Selection
Undo: Select Group
Undo: Select Group
Undo: Select Group
Undo: Select Group
Undo: Select Group
Undo: Select Group
Undo: Select Group
Undo: Select Group
Undo: Select Group
Undo: Regroup Selected Faces
Undo: Rename Group
Undo: Select
Undo: Select
Undo: Scale
Undo: Scale
Undo: Scale
Undo: Scale
Undo: Move
Undo: Snap To Grid
Undo: Move
Undo: Move
Undo: Move
